#
# There is insufficient memory for the Java Runtime Environment to continue.
# Native memory allocation (malloc) failed to allocate 1048576 bytes for AllocateHeap
# Possible reasons:
#   The system is out of physical RAM or swap space
#   The process is running with CompressedOops enabled, and the Java Heap may be blocking the growth of the native heap
# Possible solutions:
#   Reduce memory load on the system
#   Increase physical memory or swap space
#   Check if swap backing store is full
#   Decrease Java heap size (-Xmx/-Xms)
#   Decrease number of Java threads
#   Decrease Java thread stack sizes (-Xss)
#   Set larger code cache with -XX:ReservedCodeCacheSize=
#   JVM is running with Unscaled Compressed Oops mode in which the Java heap is
#     placed in the first 4GB address space. The Java Heap base address is the
#     maximum limit for the native heap growth. Please use -XX:HeapBaseMinAddress
#     to set the Java Heap base and to place the Java Heap above 4GB virtual address.
# This output file may be truncated or incomplete.
#
#  Out of Memory Error (memory/allocation.inline.hpp:61), pid=24568, tid=0x0000000000005c40
#
# JRE version:  (8.0_202-b08) (build )
# Java VM: Java HotSpot(TM) 64-Bit Server VM (25.202-b08 mixed mode windows-amd64 compressed oops)
# Failed to write core dump. Minidumps are not enabled by default on client versions of Windows
#

---------------  T H R E A D  ---------------

Current thread (0x0000000002f62800):  JavaThread "Unknown thread" [_thread_in_vm, id=23616, stack(0x0000000002e60000,0x0000000002f60000)]

Stack: [0x0000000002e60000,0x0000000002f60000]
[error occurred during error reporting (printing stack bounds), id 0xc0000005]

Native frames: (J=compiled Java code, j=interpreted, Vv=VM code, C=native code)


---------------  P R O C E S S  ---------------

Java Threads: ( => current thread )

Other Threads:

=>0x0000000002f62800 (exited) JavaThread "Unknown thread" [_thread_in_vm, id=23616, stack(0x0000000002e60000,0x0000000002f60000)]

VM state:not at safepoint (normal execution)

VM Mutex/Monitor currently owned by a thread: None

heap address: 0x0000000082600000, size: 2010 MB, Compressed Oops mode: 32-bit
Narrow klass base: 0x0000000000000000, Narrow klass shift: 3
Compressed class space size: 1073741824 Address: 0x0000000100000000

Heap:
 PSYoungGen      total 37888K, used 655K [0x00000000d6200000, 0x00000000d8c00000, 0x0000000100000000)
  eden space 32768K, 2% used [0x00000000d6200000,0x00000000d62a3d80,0x00000000d8200000)
  from space 5120K, 0% used [0x00000000d8700000,0x00000000d8700000,0x00000000d8c00000)
  to   space 5120K, 0% used [0x00000000d8200000,0x00000000d8200000,0x00000000d8700000)
 ParOldGen       total 86016K, used 0K [0x0000000082600000, 0x0000000087a00000, 0x00000000d6200000)
  object space 86016K, 0% used [0x0000000082600000,0x0000000082600000,0x0000000087a00000)
 Metaspace       used 775K, capacity 4480K, committed 4480K, reserved 1056768K
  class space    used 76K, capacity 384K, committed 384K, reserved 1048576K

Card table byte_map: [0x0000000012420000,0x0000000012810000] byte_map_base: 0x000000001200d000

Marking Bits: (ParMarkBitMap*) 0x0000000062675ce0
 Begin Bits: [0x00000000132b0000, 0x0000000015218000)
 End Bits:   [0x0000000015218000, 0x0000000017180000)

Polling page: 0x0000000001600000

CodeCache: size=245760Kb used=328Kb max_used=328Kb free=245431Kb
 bounds [0x0000000003060000, 0x00000000032d0000, 0x0000000012060000]
 total_blobs=58 nmethods=0 adapters=38
 compilation: enabled

Compilation events (0 events):
No events

GC Heap History (0 events):
No events

Deoptimization events (0 events):
No events

Classes redefined (0 events):
No events

Internal exceptions (0 events):
No events

Events (10 events):
Event: 0.036 loading class java/lang/Short
Event: 0.036 loading class java/lang/Short done
Event: 0.036 loading class java/lang/Integer
Event: 0.036 loading class java/lang/Integer done
Event: 0.036 loading class java/lang/Long
Event: 0.036 loading class java/lang/Long done
Event: 0.037 loading class java/lang/NullPointerException
Event: 0.037 loading class java/lang/NullPointerException done
Event: 0.037 loading class java/lang/ArithmeticException
Event: 0.037 loading class java/lang/ArithmeticException done


Dynamic libraries:
0x00007ff6adea0000 - 0x00007ff6aded7000 	C:\Program Files\Java\jdk1.8.0_202\bin\java.exe
0x00007ffd93150000 - 0x00007ffd93345000 	C:\WINDOWS\SYSTEM32\ntdll.dll
0x00007ffd92e90000 - 0x00007ffd92f4e000 	C:\WINDOWS\System32\KERNEL32.DLL
0x00007ffd90c00000 - 0x00007ffd90ec8000 	C:\WINDOWS\System32\KERNELBASE.dll
0x00007ffd916b0000 - 0x00007ffd9175c000 	C:\WINDOWS\System32\ADVAPI32.dll
0x00007ffd91480000 - 0x00007ffd9151e000 	C:\WINDOWS\System32\msvcrt.dll
0x00007ffd928c0000 - 0x00007ffd9295b000 	C:\WINDOWS\System32\sechost.dll
0x00007ffd92f50000 - 0x00007ffd9307a000 	C:\WINDOWS\System32\RPCRT4.dll
0x00007ffd92960000 - 0x00007ffd92b01000 	C:\WINDOWS\System32\USER32.dll
0x00007ffd91040000 - 0x00007ffd91062000 	C:\WINDOWS\System32\win32u.dll
0x00007ffd91f90000 - 0x00007ffd91fbb000 	C:\WINDOWS\System32\GDI32.dll
0x00007ffd90f30000 - 0x00007ffd9103b000 	C:\WINDOWS\System32\gdi32full.dll
0x00007ffd91070000 - 0x00007ffd9110d000 	C:\WINDOWS\System32\msvcp_win.dll
0x00007ffd90b00000 - 0x00007ffd90c00000 	C:\WINDOWS\System32\ucrtbase.dll
0x00007ffd76480000 - 0x00007ffd7671a000 	C:\WINDOWS\WinSxS\amd64_microsoft.windows.common-controls_6595b64144ccf1df_6.0.19041.1110_none_60b5254171f9507e\COMCTL32.dll
0x00007ffd91330000 - 0x00007ffd91360000 	C:\WINDOWS\System32\IMM32.DLL
0x0000000062930000 - 0x0000000062a02000 	C:\Program Files\Java\jdk1.8.0_202\jre\bin\msvcr100.dll
0x0000000061e50000 - 0x00000000626f5000 	C:\Program Files\Java\jdk1.8.0_202\jre\bin\server\jvm.dll
0x00007ffd91fc0000 - 0x00007ffd91fc8000 	C:\WINDOWS\System32\PSAPI.DLL
0x00007ffd89d60000 - 0x00007ffd89d6a000 	C:\WINDOWS\SYSTEM32\VERSION.dll
0x00007ffd78500000 - 0x00007ffd78527000 	C:\WINDOWS\SYSTEM32\WINMM.dll
0x00007ffd6dec0000 - 0x00007ffd6dec9000 	C:\WINDOWS\SYSTEM32\WSOCK32.dll
0x00007ffd91760000 - 0x00007ffd917cb000 	C:\WINDOWS\System32\WS2_32.dll
0x00007ffd8b610000 - 0x00007ffd8b61f000 	C:\Program Files\Java\jdk1.8.0_202\jre\bin\verify.dll
0x00007ffd72630000 - 0x00007ffd72659000 	C:\Program Files\Java\jdk1.8.0_202\jre\bin\java.dll
0x00007ffd719f0000 - 0x00007ffd71a06000 	C:\Program Files\Java\jdk1.8.0_202\jre\bin\zip.dll

VM Arguments:
jvm_args: -Djava.security.policy=applet.policy 
java_command: sun.applet.AppletViewer file:C:/Users/20111/Documents/NetBeansProjects/day3_ass1_applet/build/abajora.html
java_class_path (initial): C:\Users\20111\Documents\NetBeansProjects\day3_ass1_applet\build\classes
Launcher Type: SUN_STANDARD

Environment Variables:
JAVA_HOME=C:\Program Files\Java\jdk1.8.0_202
PATH=C:\Program Files\Java\jdk1.8.0_202\bin;C:\Program Files (x86)\Common Files\Oracle\Java\javapath;C:\WinAVR-20100110\bin;C:\WinAVR-20100110\utils\bin;C:\Program Files (x86)\GCC for Renesas RL78 4.9.2.202002-GNURL78-ELF\rl78-elf\rl78-elf\bin;C:\Program Files\NVIDIA GPU Computing Toolkit\CUDA\v11.3\bin;C:\Program Files\NVIDIA GPU Computing Toolkit\CUDA\v11.3\libnvvp;C:\Program Files (x86)\Common Files\Intel\Shared Libraries\redist\intel64\compiler;C:\windows\system32;C:\windows;C:\windows\System32\Wbem;C:\windows\System32\WindowsPowerShell\v1.0\;C:\windows\System32\OpenSSH\;C:\Program Files (x86)\NVIDIA Corporation\PhysX\Common;C:\Program Files\NVIDIA Corporation\NVIDIA NvDLISR;C:\WINDOWS\system32;C:\WINDOWS;C:\WINDOWS\System32\Wbem;C:\WINDOWS\System32\WindowsPowerShell\v1.0\;C:\WINDOWS\System32\OpenSSH\;C:\Program Files\PuTTY\;C:\Program Files (x86)\Git\cmd;C:\A\bin;C:\ARM_TOOLCHAIN\bin;C:\Users\20111\AppData\Local\Microsoft\WindowsApps;C:\IMT Tools\Tools\TOOL\mingw-w64_x86\mingw32\bin;C:\Users\20111\AppData\Local\GitHubDesktop\bin;C:\Program Files (x86)\gputils\bin;C:\Program Files (x86)\SDCC\bin;C:\anaconda\Scripts;C:\Users\20111\AppData\Local\Microsoft\WindowsApps;C:\Program Files\mingw-w64\x86_64-8.1.0-posix-seh-rt_v6-rev0;C:\Users\20111\AppData\Local\Programs\Microsoft VS Code\bin
USERNAME=20111
OS=Windows_NT
PROCESSOR_IDENTIFIER=Intel64 Family 6 Model 158 Stepping 10, GenuineIntel



---------------  S Y S T E M  ---------------

OS: Windows 10.0 , 64 bit Build 19041 (10.0.19041.1348)

CPU:total 8 (initial active 8) (4 cores per cpu, 2 threads per core) family 6 model 158 stepping 10, cmov, cx8, fxsr, mmx, sse, sse2, sse3, ssse3, sse4.1, sse4.2, popcnt, avx, avx2, aes, clmul, erms, 3dnowpref, lzcnt, ht, tsc, tscinvbit, bmi1, bmi2, adx

Memory: 4k page, physical 8225972k(560908k free), swap 28673204k(5384k free)

vm_info: Java HotSpot(TM) 64-Bit Server VM (25.202-b08) for windows-amd64 JRE (1.8.0_202-b08), built on Dec 15 2018 19:54:30 by "java_re" with MS VC++ 10.0 (VS2010)

time: Tue Dec 07 15:31:57 2021
timezone: Egypt Standard Time
elapsed time: 0 seconds (0d 0h 0m 0s)

